[debug] [2025-11-24T18:58:10.824Z] ----------------------------------------------------------------------
[debug] [2025-11-24T18:58:10.826Z] Command:       /Users/ggeorg688@cable.comcast.com/.nvm/versions/node/v24.11.0/bin/node /Users/ggeorg688@cable.comcast.com/.nvm/versions/node/v24.11.0/bin/firebase deploy --only hosting --project news-curator-476512
[debug] [2025-11-24T18:58:10.826Z] CLI Version:   14.26.0
[debug] [2025-11-24T18:58:10.826Z] Platform:      darwin
[debug] [2025-11-24T18:58:10.826Z] Node Version:  v24.11.0
[debug] [2025-11-24T18:58:10.826Z] Time:          Mon Nov 24 2025 13:58:10 GMT-0500 (Eastern Standard Time)
[debug] [2025-11-24T18:58:10.826Z] ----------------------------------------------------------------------
[debug] 
[debug] [2025-11-24T18:58:10.827Z] >>> [apiv2][query] GET https://firebase-public.firebaseio.com/cli.json [none]
[debug] [2025-11-24T18:58:10.938Z] > command requires scopes: ["email","openid","https://www.googleapis.com/auth/cloudplatformprojects.readonly","https://www.googleapis.com/auth/firebase","https://www.googleapis.com/auth/cloud-platform"]
[debug] [2025-11-24T18:58:11.075Z] <<< [apiv2][status] GET https://firebase-public.firebaseio.com/cli.json 200
[debug] [2025-11-24T18:58:11.075Z] <<< [apiv2][body] GET https://firebase-public.firebaseio.com/cli.json {"cloudBuildErrorAfter":1594252800000,"cloudBuildWarnAfter":1590019200000,"defaultNode10After":1594252800000,"minVersion":"3.0.5","node8DeploysDisabledAfter":1613390400000,"node8RuntimeDisabledAfter":1615809600000,"node8WarnAfter":1600128000000}
[debug] [2025-11-24T18:58:11.086Z] Running auto auth
[debug] [2025-11-24T18:58:11.086Z] [iam] checking project news-curator-476512 for permissions ["firebase.projects.get","firebasehosting.sites.update"]
[debug] [2025-11-24T18:58:11.088Z] No OAuth tokens found
[debug] [2025-11-24T18:58:11.088Z] >>> [apiv2][query] POST https://cloudresourcemanager.googleapis.com/v1/projects/news-curator-476512:testIamPermissions [none]
[debug] [2025-11-24T18:58:11.088Z] >>> [apiv2][(partial)header] POST https://cloudresourcemanager.googleapis.com/v1/projects/news-curator-476512:testIamPermissions x-goog-quota-user=projects/news-curator-476512
[debug] [2025-11-24T18:58:11.089Z] >>> [apiv2][body] POST https://cloudresourcemanager.googleapis.com/v1/projects/news-curator-476512:testIamPermissions {"permissions":["firebase.projects.get","firebasehosting.sites.update"]}
[debug] [2025-11-24T18:58:11.323Z] <<< [apiv2][status] POST https://cloudresourcemanager.googleapis.com/v1/projects/news-curator-476512:testIamPermissions 200
[debug] [2025-11-24T18:58:11.323Z] <<< [apiv2][body] POST https://cloudresourcemanager.googleapis.com/v1/projects/news-curator-476512:testIamPermissions {"permissions":["firebase.projects.get","firebasehosting.sites.update"]}
[debug] [2025-11-24T18:58:11.324Z] No OAuth tokens found
[debug] [2025-11-24T18:58:11.324Z] >>> [apiv2][query] GET https://firebase.googleapis.com/v1beta1/projects/news-curator-476512 [none]
[debug] [2025-11-24T18:58:11.500Z] <<< [apiv2][status] GET https://firebase.googleapis.com/v1beta1/projects/news-curator-476512 403
[debug] [2025-11-24T18:58:11.500Z] <<< [apiv2][body] GET https://firebase.googleapis.com/v1beta1/projects/news-curator-476512 {"error":{"code":403,"message":"Your application is authenticating by using local Application Default Credentials. The firebase.googleapis.com API requires a quota project, which is not set by default. To learn how to set your quota project, see https://cloud.google.com/docs/authentication/adc-troubleshooting/user-creds .","status":"PERMISSION_DENIED","details":[{"@type":"type.googleapis.com/google.rpc.ErrorInfo","reason":"SERVICE_DISABLED","domain":"googleapis.com","metadata":{"service":"firebase.googleapis.com","consumer":"projects/32555940559"}},{"@type":"type.googleapis.com/google.rpc.LocalizedMessage","locale":"en-US","message":"Your application is authenticating by using local Application Default Credentials. The firebase.googleapis.com API requires a quota project, which is not set by default. To learn how to set your quota project, see https://cloud.google.com/docs/authentication/adc-troubleshooting/user-creds ."}]}}
[debug] [2025-11-24T18:58:11.500Z] Request to https://firebase.googleapis.com/v1beta1/projects/news-curator-476512 had HTTP Error: 403, Your application is authenticating by using local Application Default Credentials. The firebase.googleapis.com API requires a quota project, which is not set by default. To learn how to set your quota project, see https://cloud.google.com/docs/authentication/adc-troubleshooting/user-creds .
[debug] [2025-11-24T18:58:11.501Z] FirebaseError: Request to https://firebase.googleapis.com/v1beta1/projects/news-curator-476512 had HTTP Error: 403, Your application is authenticating by using local Application Default Credentials. The firebase.googleapis.com API requires a quota project, which is not set by default. To learn how to set your quota project, see https://cloud.google.com/docs/authentication/adc-troubleshooting/user-creds .
    at responseToError (/Users/ggeorg688@cable.comcast.com/.nvm/versions/node/v24.11.0/lib/node_modules/firebase-tools/lib/responseToError.js:53:12)
    at RetryOperation._fn (/Users/ggeorg688@cable.comcast.com/.nvm/versions/node/v24.11.0/lib/node_modules/firebase-tools/lib/apiv2.js:322:77)
    at process.processTicksAndRejections (node:internal/process/task_queues:105:5)
[error] 
[error] Error: Failed to get Firebase project news-curator-476512. Please make sure the project exists and your account has permission to access it.
